01 02 01 01 03 03 04 04 03 04 05 05 05 
01 01 02 
06 01 
01 
01 
03 04 03 04 
07 06 01 
03 04 
08 08 
05 
02 
05 
05 
05 
05 
01 01 03 04 
01 
03 04 03 04 09 
09 
02 
05 05 05 
01 01 03 04 03 04 03 04 
10 
05 05 05 
09 
06 06 01 01 
09 09 09 
07 11 05 05 01 06 01 07 09 09 
09 
09 
09 
09 
09 
09 
09 
09 
09 
09 09 
09 09 09 09 
09 
09 09 09 
09 
09 09 09 09 09 09 09 09 09 09 09 09 09 09 
11 10 06 09 09 09 09 09 09 09 09 09 09 09 09 09 
09 
09 
09 
09 
09 09 09 09 09 09 09 09 09 09 09 09 09 09 09 09 09 09 09 09 
05 05 
01 
09 09 09 09 09 09 09 09 09 09 09 09 09 09 09 09 09 
01 
09 09 09 09 
09 09 09 09 09 09 09 09 09 09 09 09 09 09 09 09 09 09 09 
02 
01 01 
01 
01 
01 
01 
01 
01 
01 
01 
01 
01 
09 
01 
01 
01 
01 
09 09 
01 
09 09 09 09 09 09 
01 
01 
09 09 09 09 09 09 09 09 09 09 09 09 09 
01 
09 09 
09 09 09 09 09 09 09 09 09 09 09 09 09 09 09 09 09 09 09 09 09 09 09 09 09 
12 
02 
02 
02 
02 
02 
02 
02 
02 
02 
02 
01 
01 
01 
01 
01 
01 
01 
01 
09 09 
01 
01 
01 
01 
01 
01 
01 
01 
09 09 
01 
01 
01 
01 
01 
01 
01 
01 
01 
01 
01 
01 
09 09 
01 
01 
01 
01 
01 
01 
01 
01 01 
09 
01 
01 
01 01 
01 
01 
01 
01 
01 
01 
09 
01 
01 
09 09 09 
01 
09 
01 
09 09 09 09 09 09 
01 
09 
01 
01 
09 09 09 09 09 09 09 09 09 09 09 09 09 09 09 09 
01 
09 09 
09 09 09 09 09 09 09 09 09 09 09 09 09 09 09 09 09 09 09 
13 
02 
02 
02 
02 
02 
02 
02 
02 
02 
02 
02 
02 
02 
02 
02 
02 
02 
02 
02 
02 
02 
02 
02 
02 
02 
02 
02 
01 
01 01 
01 
01 
01 
01 
01 
06 01 
01 
01 
01 
01 
01 
01 
01 
01 
01 
01 
01 01 
01 
01 
01 
01 
01 
01 
01 
01 
01 
01 
01 
01 
01 
01 
01 01 
01 
01 
01 
01 
01 
01 
01 
01 
01 
01 
01 
01 
01 
01 
01 
01 
01 
01 01 
01 
01 01 
01 
01 
01 
01 
01 
01 
01 
01 
01 
01 
01 
01 
01 01 
01 
01 
01 
01 01 
01 
01 
01 
01 
01 
01 
01 
01 
01 
01 01 
01 
01 
01 
01 
01 
01 
01 
01 
01 
01 
09 09 09 09 09 07 09 09 
01 
09 
01 
09 
09 09 09 09 09 09 
01 
09 09 09 09 09 09 09 09 09 09 09 09 09 09 
05 
02 
02 
02 
02 
02 
02 
02 
02 
02 
02 
02 
02 
02 
02 
02 
02 
02 
02 
02 
02 
02 
02 
02 
02 
02 
02 
02 
02 
02 
02 
02 
02 
02 
02 
02 
02 
02 
02 
02 
01 
01 
01 
01 
01 
01 
01 
01 
01 
01 
01 
01 
01 
01 
01 
01 
01 
01 
01 
01 
01 
01 
01 
01 
01 
01 
01 
01 
01 
01 
01 
01 
01 
01 
01 
01 
01 
01 
01 01 
01 
01 
01 
01 
01 
01 01 
01 
01 01 
01 
01 
01 
01 
01 
01 
01 
01 
01 
01 
01 01 
01 
01 
01 
01 
01 
01 
01 
01 
01 
01 
01 01 
01 
01 
01 
01 
01 
01 
01 
01 
01 
01 
01 
01 
01 
09 09 09 09 09 
01 
09 09 09 09 
01 
09 09 09 09 09 
01 
09 09 
01 
09 09 09 09 09 09 09 09 09 09 
01 
09 09 09 09 09 09 
01 
02 
02 
02 
02 
02 
02 
02 
02 
02 
02 
02 
02 
02 
02 
02 
02 
02 
02 
02 
02 
02 
02 
02 
02 
02 
02 
02 
02 
02 
02 
02 
02 
02 
02 
02 
02 
02 
02 
02 
02 
02 
02 
02 
02 
02 
02 
02 
01 
01 
01 
01 
01 
01 
01 
01 
01 01 
01 
01 
01 
01 
01 
01 
01 
01 
01 
01 
01 
01 01 
01 
01 
01 
01 
01 
01 
01 
01 
01 
01 
01 
01 
01 
01 
01 
01 
01 
01 
01 
01 
01 
01 
01 
01 
01 
01 
01 
01 
01 
01 
01 
01 
01 
01 
01 
01 
01 
01 
01 
01 
01 
01 
01 
01 
01 
01 
01 
01 
01 
01 
01 
01 
01 
01 
01 
01 
01 01 
01 
01 
01 
01 
01 
01 
01 
01 
01 
01 01 
01 
01 
01 
01 
01 
01 01 
01 
01 
01 
01 
01 
01 
01 
01 
01 
01 
01 
01 
01 01 
01 
01 
01 
01 
01 
01 
01 
01 
01 
01 
01 
09 
01 
09 09 
01 
09 09 09 09 
01 
09 09 
01 
01 
01 
09 
01 
09 
01 
09 09 
01 
09 09 09 09 09 09 
01 
01 
02 
02 
02 
02 
02 
02 
02 
02 
02 
02 
02 
02 
02 
02 
02 
02 
02 
02 
02 
02 
02 
02 
02 
02 
02 
02 
02 
02 
02 
02 
02 
02 
02 
02 
02 
02 
02 
02 
02 
02 
02 
02 
02 
02 
02 
02 
02 
02 
02 
01 
01 
09 
01 
01 
01 
01 
01 
01 
01 
09 
01 
01 
01 
01 
01 
01 
01 
01 
01 
01 
01 
01 
01 
01 
01 
01 
01 
01 
01 
01 